stdio    D         file_stdio.c:110  file_stdio_fopen                 [   0.00000] opening C:\Users\kidst\OneDrive\公用\文件\GitHub\I2P2_Final_Project\allegro5.cfg r
system   D            wsystem.c:874  _al_win_safe_load_library        [   0.00000] PathFindOnPath found: C:\WINDOWS\system32\shcore.dll
system   D            wsystem.c:780  load_library_at_path             [   0.00000] Calling LoadLibrary C:\WINDOWS\system32\shcore.dll
system   I            wsystem.c:783  load_library_at_path             [   0.00000] Loaded C:\WINDOWS\system32\shcore.dll
system   I             system.c:271  al_install_system                [   0.00000] Allegro version: 5.2.7
audio-dsound I           dsound.cpp:271  _dsound_open                     [   0.00048] Starting DirectSound...
audio-dsound D           dsound.cpp:280  _dsound_open                     [   0.07671] DirectSoundCreate8 succeeded
audio-dsound I           dsound.cpp:73   get_window                       [   0.07683] Using desktop window: 000000000001000c
audio    I              audio.c:347  do_install_audio                 [   0.07709] Using DirectSound driver
dtor     D               dtor.c:196  _al_register_destructor          [   0.07720] added dtor for timer 00000000001c9cf0, func 00007ffe2e7ffb3b
dtor     D               dtor.c:196  _al_register_destructor          [   0.07734] added dtor for queue 00000000001ca5b0, func 00007ffe2e7ec5dc
system   D            wsystem.c:874  _al_win_safe_load_library        [   0.07782] PathFindOnPath found: C:\WINDOWS\system32\d3d9.dll
system   D            wsystem.c:780  load_library_at_path             [   0.07795] Calling LoadLibrary C:\WINDOWS\system32\d3d9.dll
system   I            wsystem.c:783  load_library_at_path             [   0.08088] Loaded C:\WINDOWS\system32\d3d9.dll
d3d      I         d3d_disp.cpp:684  d3d_init_display                 [   0.11783] Render-to-texture: 1
d3d      I         d3d_disp.cpp:1782 d3d_create_display_locked        [   0.11852] faux_fullscreen=0
d3d      D         d3d_disp.cpp:1783 d3d_create_display_locked        [   0.11856] al_display=00000000001cac20
d3d      D         d3d_disp.cpp:1784 d3d_create_display_locked        [   0.11859] al_display->vt=00000000001caab0
d3d      I d3d_display_formats.cpp:144  _al_d3d_generate_display_format_list [   0.12310] found 64 format combinations
display  D   display_settings.c:212  debug_display_settings           [   0.12318] color: 32 (rgba 8880), depth: 0, stencil: 0, acc: 0000, samples: 0/0
display  D   display_settings.c:527  _al_score_display_settings       [   0.12323] Score is : 897
display  D   display_settings.c:212  debug_display_settings           [   0.12327] color: 32 (rgba 8880), depth: 0, stencil: 0, acc: 0000, samples: 0/0
display  D   display_settings.c:527  _al_score_display_settings       [   0.12330] Score is : 897
display  D   display_settings.c:212  debug_display_settings           [   0.12334] color: 32 (rgba 8880), depth: 24, stencil: 8, acc: 0000, samples: 0/0
display  D   display_settings.c:527  _al_score_display_settings       [   0.12337] Score is : 897
display  D   display_settings.c:212  debug_display_settings           [   0.12340] color: 32 (rgba 8880), depth: 24, stencil: 8, acc: 0000, samples: 0/0
display  D   display_settings.c:527  _al_score_display_settings       [   0.12344] Score is : 897
display  D   display_settings.c:212  debug_display_settings           [   0.12347] color: 32 (rgba 8880), depth: 24, stencil: 0, acc: 0000, samples: 0/0
display  D   display_settings.c:527  _al_score_display_settings       [   0.12351] Score is : 897
display  D   display_settings.c:212  debug_display_settings           [   0.12354] color: 32 (rgba 8880), depth: 24, stencil: 0, acc: 0000, samples: 0/0
display  D   display_settings.c:527  _al_score_display_settings       [   0.12357] Score is : 897
display  D   display_settings.c:212  debug_display_settings           [   0.12360] color: 32 (rgba 8880), depth: 16, stencil: 0, acc: 0000, samples: 0/0
display  D   display_settings.c:527  _al_score_display_settings       [   0.12364] Score is : 897
display  D   display_settings.c:212  debug_display_settings           [   0.12373] color: 32 (rgba 8880), depth: 16, stencil: 0, acc: 0000, samples: 0/0
display  D   display_settings.c:527  _al_score_display_settings       [   0.12377] Score is : 897
display  D   display_settings.c:212  debug_display_settings           [   0.12380] color: 16 (rgba 5650), depth: 0, stencil: 0, acc: 0000, samples: 0/0
display  D   display_settings.c:527  _al_score_display_settings       [   0.12384] Score is : 897
display  D   display_settings.c:212  debug_display_settings           [   0.12387] color: 16 (rgba 5650), depth: 0, stencil: 0, acc: 0000, samples: 0/0
display  D   display_settings.c:527  _al_score_display_settings       [   0.12391] Score is : 897
display  D   display_settings.c:212  debug_display_settings           [   0.12394] color: 16 (rgba 5650), depth: 24, stencil: 8, acc: 0000, samples: 0/0
display  D   display_settings.c:527  _al_score_display_settings       [   0.12398] Score is : 897
display  D   display_settings.c:212  debug_display_settings           [   0.12401] color: 16 (rgba 5650), depth: 24, stencil: 8, acc: 0000, samples: 0/0
display  D   display_settings.c:527  _al_score_display_settings       [   0.12404] Score is : 897
display  D   display_settings.c:212  debug_display_settings           [   0.12407] color: 16 (rgba 5650), depth: 24, stencil: 0, acc: 0000, samples: 0/0
display  D   display_settings.c:527  _al_score_display_settings       [   0.12411] Score is : 897
display  D   display_settings.c:212  debug_display_settings           [   0.12414] color: 16 (rgba 5650), depth: 24, stencil: 0, acc: 0000, samples: 0/0
display  D   display_settings.c:527  _al_score_display_settings       [   0.12417] Score is : 897
display  D   display_settings.c:212  debug_display_settings           [   0.12424] color: 16 (rgba 5650), depth: 16, stencil: 0, acc: 0000, samples: 0/0
display  D   display_settings.c:527  _al_score_display_settings       [   0.12430] Score is : 897
display  D   display_settings.c:212  debug_display_settings           [   0.12437] color: 16 (rgba 5650), depth: 16, stencil: 0, acc: 0000, samples: 0/0
display  D   display_settings.c:527  _al_score_display_settings       [   0.12441] Score is : 897
display  D   display_settings.c:212  debug_display_settings           [   0.12448] color: 32 (rgba 8880), depth: 0, stencil: 0, acc: 0000, samples: 0/0
display  D   display_settings.c:398  _al_score_display_settings       [   0.12453] Single Buffer requirement not met.
display  D   display_settings.c:212  debug_display_settings           [   0.12460] color: 32 (rgba 8880), depth: 0, stencil: 0, acc: 0000, samples: 0/0
display  D   display_settings.c:398  _al_score_display_settings       [   0.12464] Single Buffer requirement not met.
display  D   display_settings.c:212  debug_display_settings           [   0.12471] color: 32 (rgba 8880), depth: 24, stencil: 8, acc: 0000, samples: 0/0
display  D   display_settings.c:398  _al_score_display_settings       [   0.12476] Single Buffer requirement not met.
display  D   display_settings.c:212  debug_display_settings           [   0.12480] color: 32 (rgba 8880), depth: 24, stencil: 8, acc: 0000, samples: 0/0
display  D   display_settings.c:398  _al_score_display_settings       [   0.12483] Single Buffer requirement not met.
display  D   display_settings.c:212  debug_display_settings           [   0.12486] color: 32 (rgba 8880), depth: 24, stencil: 0, acc: 0000, samples: 0/0
display  D   display_settings.c:398  _al_score_display_settings       [   0.12489] Single Buffer requirement not met.
display  D   display_settings.c:212  debug_display_settings           [   0.12492] color: 32 (rgba 8880), depth: 24, stencil: 0, acc: 0000, samples: 0/0
display  D   display_settings.c:398  _al_score_display_settings       [   0.12496] Single Buffer requirement not met.
display  D   display_settings.c:212  debug_display_settings           [   0.12499] color: 32 (rgba 8880), depth: 16, stencil: 0, acc: 0000, samples: 0/0
display  D   display_settings.c:398  _al_score_display_settings       [   0.12502] Single Buffer requirement not met.
display  D   display_settings.c:212  debug_display_settings           [   0.12505] color: 32 (rgba 8880), depth: 16, stencil: 0, acc: 0000, samples: 0/0
display  D   display_settings.c:398  _al_score_display_settings       [   0.12509] Single Buffer requirement not met.
display  D   display_settings.c:212  debug_display_settings           [   0.12512] color: 16 (rgba 5650), depth: 0, stencil: 0, acc: 0000, samples: 0/0
display  D   display_settings.c:398  _al_score_display_settings       [   0.12515] Single Buffer requirement not met.
display  D   display_settings.c:212  debug_display_settings           [   0.12518] color: 16 (rgba 5650), depth: 0, stencil: 0, acc: 0000, samples: 0/0
display  D   display_settings.c:398  _al_score_display_settings       [   0.12522] Single Buffer requirement not met.
display  D   display_settings.c:212  debug_display_settings           [   0.12525] color: 16 (rgba 5650), depth: 24, stencil: 8, acc: 0000, samples: 0/0
display  D   display_settings.c:398  _al_score_display_settings       [   0.12530] Single Buffer requirement not met.
display  D   display_settings.c:212  debug_display_settings           [   0.12534] color: 16 (rgba 5650), depth: 24, stencil: 8, acc: 0000, samples: 0/0
display  D   display_settings.c:398  _al_score_display_settings       [   0.12537] Single Buffer requirement not met.
display  D   display_settings.c:212  debug_display_settings           [   0.12541] color: 16 (rgba 5650), depth: 24, stencil: 0, acc: 0000, samples: 0/0
display  D   display_settings.c:398  _al_score_display_settings       [   0.12544] Single Buffer requirement not met.
display  D   display_settings.c:212  debug_display_settings           [   0.12548] color: 16 (rgba 5650), depth: 24, stencil: 0, acc: 0000, samples: 0/0
display  D   display_settings.c:398  _al_score_display_settings       [   0.12552] Single Buffer requirement not met.
display  D   display_settings.c:212  debug_display_settings           [   0.12556] color: 16 (rgba 5650), depth: 16, stencil: 0, acc: 0000, samples: 0/0
display  D   display_settings.c:398  _al_score_display_settings       [   0.12560] Single Buffer requirement not met.
display  D   display_settings.c:212  debug_display_settings           [   0.12564] color: 16 (rgba 5650), depth: 16, stencil: 0, acc: 0000, samples: 0/0
display  D   display_settings.c:398  _al_score_display_settings       [   0.12568] Single Buffer requirement not met.
display  D   display_settings.c:212  debug_display_settings           [   0.12571] color: 32 (rgba 8880), depth: 0, stencil: 0, acc: 0000, samples: 0/0
display  D   display_settings.c:527  _al_score_display_settings       [   0.12575] Score is : 769
display  D   display_settings.c:212  debug_display_settings           [   0.12578] color: 32 (rgba 8880), depth: 0, stencil: 0, acc: 0000, samples: 0/0
display  D   display_settings.c:527  _al_score_display_settings       [   0.12582] Score is : 769
display  D   display_settings.c:212  debug_display_settings           [   0.12585] color: 32 (rgba 8880), depth: 24, stencil: 8, acc: 0000, samples: 0/0
display  D   display_settings.c:527  _al_score_display_settings       [   0.12589] Score is : 769
display  D   display_settings.c:212  debug_display_settings           [   0.12593] color: 32 (rgba 8880), depth: 24, stencil: 8, acc: 0000, samples: 0/0
display  D   display_settings.c:527  _al_score_display_settings       [   0.12596] Score is : 769
display  D   display_settings.c:212  debug_display_settings           [   0.12600] color: 32 (rgba 8880), depth: 24, stencil: 0, acc: 0000, samples: 0/0
display  D   display_settings.c:527  _al_score_display_settings       [   0.12603] Score is : 769
display  D   display_settings.c:212  debug_display_settings           [   0.12607] color: 32 (rgba 8880), depth: 24, stencil: 0, acc: 0000, samples: 0/0
display  D   display_settings.c:527  _al_score_display_settings       [   0.12610] Score is : 769
display  D   display_settings.c:212  debug_display_settings           [   0.12614] color: 32 (rgba 8880), depth: 16, stencil: 0, acc: 0000, samples: 0/0
display  D   display_settings.c:527  _al_score_display_settings       [   0.12618] Score is : 769
display  D   display_settings.c:212  debug_display_settings           [   0.12623] color: 32 (rgba 8880), depth: 16, stencil: 0, acc: 0000, samples: 0/0
display  D   display_settings.c:527  _al_score_display_settings       [   0.12626] Score is : 769
display  D   display_settings.c:212  debug_display_settings           [   0.12630] color: 16 (rgba 5650), depth: 0, stencil: 0, acc: 0000, samples: 0/0
display  D   display_settings.c:527  _al_score_display_settings       [   0.12633] Score is : 769
display  D   display_settings.c:212  debug_display_settings           [   0.12636] color: 16 (rgba 5650), depth: 0, stencil: 0, acc: 0000, samples: 0/0
display  D   display_settings.c:527  _al_score_display_settings       [   0.12640] Score is : 769
display  D   display_settings.c:212  debug_display_settings           [   0.12643] color: 16 (rgba 5650), depth: 24, stencil: 8, acc: 0000, samples: 0/0
display  D   display_settings.c:527  _al_score_display_settings       [   0.12647] Score is : 769
display  D   display_settings.c:212  debug_display_settings           [   0.12650] color: 16 (rgba 5650), depth: 24, stencil: 8, acc: 0000, samples: 0/0
display  D   display_settings.c:527  _al_score_display_settings       [   0.12654] Score is : 769
display  D   display_settings.c:212  debug_display_settings           [   0.12657] color: 16 (rgba 5650), depth: 24, stencil: 0, acc: 0000, samples: 0/0
display  D   display_settings.c:527  _al_score_display_settings       [   0.12660] Score is : 769
display  D   display_settings.c:212  debug_display_settings           [   0.12664] color: 16 (rgba 5650), depth: 24, stencil: 0, acc: 0000, samples: 0/0
display  D   display_settings.c:527  _al_score_display_settings       [   0.12667] Score is : 769
display  D   display_settings.c:212  debug_display_settings           [   0.12671] color: 16 (rgba 5650), depth: 16, stencil: 0, acc: 0000, samples: 0/0
display  D   display_settings.c:527  _al_score_display_settings       [   0.12674] Score is : 769
display  D   display_settings.c:212  debug_display_settings           [   0.12677] color: 16 (rgba 5650), depth: 16, stencil: 0, acc: 0000, samples: 0/0
display  D   display_settings.c:527  _al_score_display_settings       [   0.12681] Score is : 769
display  D   display_settings.c:212  debug_display_settings           [   0.12684] color: 32 (rgba 8880), depth: 0, stencil: 0, acc: 0000, samples: 0/0
display  D   display_settings.c:398  _al_score_display_settings       [   0.12688] Single Buffer requirement not met.
display  D   display_settings.c:212  debug_display_settings           [   0.12693] color: 32 (rgba 8880), depth: 0, stencil: 0, acc: 0000, samples: 0/0
display  D   display_settings.c:398  _al_score_display_settings       [   0.12696] Single Buffer requirement not met.
display  D   display_settings.c:212  debug_display_settings           [   0.12699] color: 32 (rgba 8880), depth: 24, stencil: 8, acc: 0000, samples: 0/0
display  D   display_settings.c:398  _al_score_display_settings       [   0.12703] Single Buffer requirement not met.
display  D   display_settings.c:212  debug_display_settings           [   0.12706] color: 32 (rgba 8880), depth: 24, stencil: 8, acc: 0000, samples: 0/0
display  D   display_settings.c:398  _al_score_display_settings       [   0.12710] Single Buffer requirement not met.
display  D   display_settings.c:212  debug_display_settings           [   0.12714] color: 32 (rgba 8880), depth: 24, stencil: 0, acc: 0000, samples: 0/0
display  D   display_settings.c:398  _al_score_display_settings       [   0.12717] Single Buffer requirement not met.
display  D   display_settings.c:212  debug_display_settings           [   0.12721] color: 32 (rgba 8880), depth: 24, stencil: 0, acc: 0000, samples: 0/0
display  D   display_settings.c:398  _al_score_display_settings       [   0.12724] Single Buffer requirement not met.
display  D   display_settings.c:212  debug_display_settings           [   0.12732] color: 32 (rgba 8880), depth: 16, stencil: 0, acc: 0000, samples: 0/0
display  D   display_settings.c:398  _al_score_display_settings       [   0.12737] Single Buffer requirement not met.
display  D   display_settings.c:212  debug_display_settings           [   0.12740] color: 32 (rgba 8880), depth: 16, stencil: 0, acc: 0000, samples: 0/0
display  D   display_settings.c:398  _al_score_display_settings       [   0.12744] Single Buffer requirement not met.
display  D   display_settings.c:212  debug_display_settings           [   0.12748] color: 16 (rgba 5650), depth: 0, stencil: 0, acc: 0000, samples: 0/0
display  D   display_settings.c:398  _al_score_display_settings       [   0.12751] Single Buffer requirement not met.
display  D   display_settings.c:212  debug_display_settings           [   0.12755] color: 16 (rgba 5650), depth: 0, stencil: 0, acc: 0000, samples: 0/0
display  D   display_settings.c:398  _al_score_display_settings       [   0.12758] Single Buffer requirement not met.
display  D   display_settings.c:212  debug_display_settings           [   0.12761] color: 16 (rgba 5650), depth: 24, stencil: 8, acc: 0000, samples: 0/0
display  D   display_settings.c:398  _al_score_display_settings       [   0.12765] Single Buffer requirement not met.
display  D   display_settings.c:212  debug_display_settings           [   0.12768] color: 16 (rgba 5650), depth: 24, stencil: 8, acc: 0000, samples: 0/0
display  D   display_settings.c:398  _al_score_display_settings       [   0.12772] Single Buffer requirement not met.
display  D   display_settings.c:212  debug_display_settings           [   0.12775] color: 16 (rgba 5650), depth: 24, stencil: 0, acc: 0000, samples: 0/0
display  D   display_settings.c:398  _al_score_display_settings       [   0.12779] Single Buffer requirement not met.
display  D   display_settings.c:212  debug_display_settings           [   0.12782] color: 16 (rgba 5650), depth: 24, stencil: 0, acc: 0000, samples: 0/0
display  D   display_settings.c:398  _al_score_display_settings       [   0.12785] Single Buffer requirement not met.
display  D   display_settings.c:212  debug_display_settings           [   0.12789] color: 16 (rgba 5650), depth: 16, stencil: 0, acc: 0000, samples: 0/0
display  D   display_settings.c:398  _al_score_display_settings       [   0.12792] Single Buffer requirement not met.
display  D   display_settings.c:212  debug_display_settings           [   0.12796] color: 16 (rgba 5650), depth: 16, stencil: 0, acc: 0000, samples: 0/0
display  D   display_settings.c:398  _al_score_display_settings       [   0.12799] Single Buffer requirement not met.
d3d      D         d3d_disp.cpp:1682 d3d_create_display_internals     [   0.12803] Trying format 0.
d3d      I         d3d_disp.cpp:1358 d3d_display_thread_proc          [   0.12838] Chose a display format: 23
d3d      I         d3d_disp.cpp:1427 d3d_display_thread_proc          [   0.12846] Normal window.
d3d      I         d3d_disp.cpp:791  d3d_create_device                [   0.24330] Using no depth stencil buffer
d3d      D         d3d_disp.cpp:853  d3d_create_device                [   0.26929] BeginScene succeeded in create_device
d3d      D         d3d_disp.cpp:861  d3d_create_device                [   0.26942] Success
d3d      D         d3d_disp.cpp:1705 d3d_create_display_internals     [   0.26952] Resumed after wait.
d3d      I         d3d_disp.cpp:1738 d3d_create_display_internals     [   0.26963] Format 0 succeeded.
d3d      D         d3d_disp.cpp:1769 d3d_create_display_internals     [   0.26971] Returning d3d_display: 00000000001cac20
d3d      D         d3d_disp.cpp:1794 d3d_create_display_locked        [   0.26977] al_display=00000000001cac20
d3d      D         d3d_disp.cpp:1795 d3d_create_display_locked        [   0.26984] al_display->vt=00000000001caab0
system   D            wsystem.c:874  _al_win_safe_load_library        [   0.27103] PathFindOnPath found: C:\WINDOWS\system32\d3dx9_43.dll
system   D            wsystem.c:780  load_library_at_path             [   0.27114] Calling LoadLibrary C:\WINDOWS\system32\d3dx9_43.dll
system   I            wsystem.c:783  load_library_at_path             [   0.27214] Loaded C:\WINDOWS\system32\d3dx9_43.dll
d3dx9    I        d3d_d3dx9.cpp:88   _imp_load_d3dx9_module_version   [   0.27228] Module "d3dx9_43.dll" loaded.
stdio    D         file_stdio.c:110  file_stdio_fopen                 [   0.27457] opening ./assets/image/game_icon.png rb
stdio    D         file_stdio.c:110  file_stdio_fopen                 [   0.27503] opening ./assets/image/game_icon.png rb
d3d      D         d3d_disp.cpp:1202 real_choose_bitmap_format        [   0.27537] Fake format
d3d      D         d3d_disp.cpp:1202 real_choose_bitmap_format        [   0.27544] Fake format
d3d      D         d3d_disp.cpp:1202 real_choose_bitmap_format        [   0.27548] Fake format
d3d      D         d3d_disp.cpp:1202 real_choose_bitmap_format        [   0.27552] Fake format
d3d      D         d3d_disp.cpp:1202 real_choose_bitmap_format        [   0.27559] Fake format
d3d      D         d3d_disp.cpp:1202 real_choose_bitmap_format        [   0.27562] Fake format
d3d      D         d3d_disp.cpp:1202 real_choose_bitmap_format        [   0.27566] Fake format
d3d      D         d3d_disp.cpp:1202 real_choose_bitmap_format        [   0.27572] Fake format
d3d      D         d3d_disp.cpp:1202 real_choose_bitmap_format        [   0.27578] Fake format
d3d      D         d3d_disp.cpp:1210 real_choose_bitmap_format        [   0.27584] Alpha doesn't match
d3d      D         d3d_disp.cpp:1217 real_choose_bitmap_format        [   0.27590] Adapter format is 23
d3d      D         d3d_disp.cpp:1220 real_choose_bitmap_format        [   0.27595] Found a format
d3d      I         d3d_disp.cpp:2391 d3d_create_bitmap                [   0.27600] Chose bitmap format 9
dtor     D               dtor.c:196  _al_register_destructor          [   0.27630] added dtor for bitmap 0000000002d12590, func 00007ffe2e7c1bea
d3d      D         d3d_disp.cpp:1202 real_choose_bitmap_format        [   0.28877] Fake format
d3d      D         d3d_disp.cpp:1202 real_choose_bitmap_format        [   0.28892] Fake format
d3d      D         d3d_disp.cpp:1202 real_choose_bitmap_format        [   0.28903] Fake format
d3d      D         d3d_disp.cpp:1202 real_choose_bitmap_format        [   0.28909] Fake format
d3d      D         d3d_disp.cpp:1202 real_choose_bitmap_format        [   0.28919] Fake format
d3d      D         d3d_disp.cpp:1202 real_choose_bitmap_format        [   0.28932] Fake format
d3d      D         d3d_disp.cpp:1202 real_choose_bitmap_format        [   0.28942] Fake format
d3d      D         d3d_disp.cpp:1202 real_choose_bitmap_format        [   0.28950] Fake format
d3d      D         d3d_disp.cpp:1202 real_choose_bitmap_format        [   0.28957] Fake format
d3d      D         d3d_disp.cpp:1210 real_choose_bitmap_format        [   0.28964] Alpha doesn't match
d3d      D         d3d_disp.cpp:1217 real_choose_bitmap_format        [   0.28979] Adapter format is 23
d3d      D         d3d_disp.cpp:1220 real_choose_bitmap_format        [   0.28988] Found a format
d3d      I         d3d_disp.cpp:2391 d3d_create_bitmap                [   0.28994] Chose bitmap format 9
dtor     D               dtor.c:196  _al_register_destructor          [   0.29052] added dtor for bitmap 0000000002d0e670, func 00007ffe2e7c1bea
d3d      D          d3d_bmp.cpp:539  _al_d3d_sync_bitmap              [   0.30316] _al_d3d_sync_bitmap (system) ref count == 1
d3d      D          d3d_bmp.cpp:545  _al_d3d_sync_bitmap              [   0.30328] _al_d3d_sync_bitmap (video) ref count == 1
dtor     D               dtor.c:227  _al_unregister_destructor        [   0.30590] removed dtor for bitmap 0000000002d0e670
d3d      D         d3d_disp.cpp:1202 real_choose_bitmap_format        [   0.31768] Fake format
d3d      D         d3d_disp.cpp:1202 real_choose_bitmap_format        [   0.31780] Fake format
d3d      D         d3d_disp.cpp:1202 real_choose_bitmap_format        [   0.31787] Fake format
d3d      D         d3d_disp.cpp:1202 real_choose_bitmap_format        [   0.31793] Fake format
d3d      D         d3d_disp.cpp:1202 real_choose_bitmap_format        [   0.31799] Fake format
d3d      D         d3d_disp.cpp:1202 real_choose_bitmap_format        [   0.31805] Fake format
d3d      D         d3d_disp.cpp:1202 real_choose_bitmap_format        [   0.31810] Fake format
d3d      D         d3d_disp.cpp:1202 real_choose_bitmap_format        [   0.31814] Fake format
d3d      D         d3d_disp.cpp:1202 real_choose_bitmap_format        [   0.31818] Fake format
d3d      D         d3d_disp.cpp:1210 real_choose_bitmap_format        [   0.31821] Alpha doesn't match
d3d      D         d3d_disp.cpp:1217 real_choose_bitmap_format        [   0.31825] Adapter format is 23
d3d      D         d3d_disp.cpp:1220 real_choose_bitmap_format        [   0.31828] Found a format
d3d      I         d3d_disp.cpp:2391 d3d_create_bitmap                [   0.31832] Chose bitmap format 9
dtor     D               dtor.c:196  _al_register_destructor          [   0.31854] added dtor for bitmap 0000000002d0fb70, func 00007ffe2e7c1bea
d3d      D          d3d_bmp.cpp:539  _al_d3d_sync_bitmap              [   0.32991] _al_d3d_sync_bitmap (system) ref count == 1
d3d      D          d3d_bmp.cpp:545  _al_d3d_sync_bitmap              [   0.33006] _al_d3d_sync_bitmap (video) ref count == 1
dtor     D               dtor.c:227  _al_unregister_destructor        [   0.33631] removed dtor for bitmap 0000000002d0fb70
audio-dsound D           dsound.cpp:311  _dsound_allocate_voice           [   0.33705] Allocating voice
audio-dsound D           dsound.cpp:370  _dsound_allocate_voice           [   0.33719] Allocated voice
dtor     D               dtor.c:196  _al_register_destructor          [   0.33726] added dtor for voice 0000000002d0ad20, func 00007ffe2e8f5024
dtor     D               dtor.c:196  _al_register_destructor          [   0.33733] added dtor for mixer 0000000002d0fb70, func 00007ffe2e8f04dc
audio-dsound D           dsound.cpp:466  _dsound_start_voice              [   0.33740] Starting voice
audio-dsound D           dsound.cpp:494  _dsound_start_voice              [   0.33746] CreateSoundBuffer
audio-dsound D           dsound.cpp:502  _dsound_start_voice              [   0.35514] CreateSoundBuffer succeeded
audio-dsound D           dsound.cpp:508  _dsound_start_voice              [   0.35525] Starting _dsound_update thread
audio-dsound I           dsound.cpp:518  _dsound_start_voice              [   0.35545] Voice started
dtor     D               dtor.c:196  _al_register_destructor          [   0.35554] added dtor for sample_instance 0000000002d0e960, func 00007ffe2e8e929b
audio    D          kcm_mixer.c:121  _al_rechannel_matrix             [   0.35561] sample matrix:
audio    D          kcm_mixer.c:127  _al_rechannel_matrix             [   0.35567] 
audio    D          kcm_mixer.c:127  _al_rechannel_matrix             [   0.35572] 
dtor     D               dtor.c:196  _al_register_destructor          [   0.35578] added dtor for sample_instance 0000000002d0eeb0, func 00007ffe2e8e929b
audio    D          kcm_mixer.c:121  _al_rechannel_matrix             [   0.35592] sample matrix:
audio    D          kcm_mixer.c:127  _al_rechannel_matrix             [   0.35602] 
audio    D          kcm_mixer.c:127  _al_rechannel_matrix             [   0.35607] 
dtor     D               dtor.c:196  _al_register_destructor          [   0.35612] added dtor for sample_instance 0000000002d0efd0, func 00007ffe2e8e929b
audio    D          kcm_mixer.c:121  _al_rechannel_matrix             [   0.35618] sample matrix:
audio    D          kcm_mixer.c:127  _al_rechannel_matrix             [   0.35622] 
audio    D          kcm_mixer.c:127  _al_rechannel_matrix             [   0.35626] 
dtor     D               dtor.c:196  _al_register_destructor          [   0.35631] added dtor for sample_instance 0000000002d0e670, func 00007ffe2e8e929b
audio    D          kcm_mixer.c:121  _al_rechannel_matrix             [   0.35636] sample matrix:
audio    D          kcm_mixer.c:127  _al_rechannel_matrix             [   0.35641] 
audio    D          kcm_mixer.c:127  _al_rechannel_matrix             [   0.35646] 
dtor     D               dtor.c:196  _al_register_destructor          [   0.35651] added dtor for sample_instance 0000000002d0e790, func 00007ffe2e8e929b
audio    D          kcm_mixer.c:121  _al_rechannel_matrix             [   0.35655] sample matrix:
audio    D          kcm_mixer.c:127  _al_rechannel_matrix             [   0.35659] 
audio    D          kcm_mixer.c:127  _al_rechannel_matrix             [   0.35663] 
dtor     D               dtor.c:196  _al_register_destructor          [   0.35667] added dtor for sample_instance 0000000002d11520, func 00007ffe2e8e929b
audio    D          kcm_mixer.c:121  _al_rechannel_matrix             [   0.35672] sample matrix:
audio    D          kcm_mixer.c:127  _al_rechannel_matrix             [   0.35676] 
audio    D          kcm_mixer.c:127  _al_rechannel_matrix             [   0.35679] 
dtor     D               dtor.c:196  _al_register_destructor          [   0.35684] added dtor for sample_instance 0000000002d11640, func 00007ffe2e8e929b
audio    D          kcm_mixer.c:121  _al_rechannel_matrix             [   0.35688] sample matrix:
audio    D          kcm_mixer.c:127  _al_rechannel_matrix             [   0.35692] 
audio    D          kcm_mixer.c:127  _al_rechannel_matrix             [   0.35696] 
dtor     D               dtor.c:196  _al_register_destructor          [   0.35699] added dtor for sample_instance 0000000002d11760, func 00007ffe2e8e929b
audio    D          kcm_mixer.c:121  _al_rechannel_matrix             [   0.35704] sample matrix:
audio    D          kcm_mixer.c:127  _al_rechannel_matrix             [   0.35708] 
audio    D          kcm_mixer.c:127  _al_rechannel_matrix             [   0.35712] 
dtor     D               dtor.c:196  _al_register_destructor          [   0.35716] added dtor for sample_instance 0000000002d11880, func 00007ffe2e8e929b
audio    D          kcm_mixer.c:121  _al_rechannel_matrix             [   0.35721] sample matrix:
audio    D          kcm_mixer.c:127  _al_rechannel_matrix             [   0.35724] 
audio    D          kcm_mixer.c:127  _al_rechannel_matrix             [   0.35728] 
dtor     D               dtor.c:196  _al_register_destructor          [   0.35732] added dtor for sample_instance 0000000002d119a0, func 00007ffe2e8e929b
audio    D          kcm_mixer.c:121  _al_rechannel_matrix             [   0.35736] sample matrix:
audio    D          kcm_mixer.c:127  _al_rechannel_matrix             [   0.35740] 
audio    D          kcm_mixer.c:127  _al_rechannel_matrix             [   0.35744] 
dtor     D               dtor.c:196  _al_register_destructor          [   0.35748] added dtor for sample_instance 0000000002d11ac0, func 00007ffe2e8e929b
audio    D          kcm_mixer.c:121  _al_rechannel_matrix             [   0.35752] sample matrix:
audio    D          kcm_mixer.c:127  _al_rechannel_matrix             [   0.35756] 
audio    D          kcm_mixer.c:127  _al_rechannel_matrix             [   0.35760] 
dtor     D               dtor.c:196  _al_register_destructor          [   0.35763] added dtor for sample_instance 0000000002d123f0, func 00007ffe2e8e929b
audio    D          kcm_mixer.c:121  _al_rechannel_matrix             [   0.35768] sample matrix:
audio    D          kcm_mixer.c:127  _al_rechannel_matrix             [   0.35772] 
audio    D          kcm_mixer.c:127  _al_rechannel_matrix             [   0.35775] 
dtor     D               dtor.c:196  _al_register_destructor          [   0.35779] added dtor for sample_instance 0000000002d1e760, func 00007ffe2e8e929b
audio    D          kcm_mixer.c:121  _al_rechannel_matrix             [   0.35783] sample matrix:
audio    D          kcm_mixer.c:127  _al_rechannel_matrix             [   0.35787] 
audio    D          kcm_mixer.c:127  _al_rechannel_matrix             [   0.35791] 
dtor     D               dtor.c:196  _al_register_destructor          [   0.35795] added dtor for sample_instance 0000000002d1ed50, func 00007ffe2e8e929b
audio    D          kcm_mixer.c:121  _al_rechannel_matrix             [   0.35807] sample matrix:
audio    D          kcm_mixer.c:127  _al_rechannel_matrix             [   0.35813] 
audio    D          kcm_mixer.c:127  _al_rechannel_matrix             [   0.35817] 
dtor     D               dtor.c:196  _al_register_destructor          [   0.35821] added dtor for sample_instance 0000000002d1ec30, func 00007ffe2e8e929b
audio    D          kcm_mixer.c:121  _al_rechannel_matrix             [   0.35825] sample matrix:
audio    D          kcm_mixer.c:127  _al_rechannel_matrix             [   0.35831] 
audio    D          kcm_mixer.c:127  _al_rechannel_matrix             [   0.35835] 
dtor     D               dtor.c:196  _al_register_destructor          [   0.35839] added dtor for sample_instance 0000000002d1f1d0, func 00007ffe2e8e929b
audio    D          kcm_mixer.c:121  _al_rechannel_matrix             [   0.35844] sample matrix:
audio    D          kcm_mixer.c:127  _al_rechannel_matrix             [   0.35848] 
audio    D          kcm_mixer.c:127  _al_rechannel_matrix             [   0.35852] 
stdio    D         file_stdio.c:110  file_stdio_fopen                 [   0.35858] opening ./assets/font/Caviar_Dreams_Bold.ttf rb
font     D                ttf.c:943  al_load_ttf_font_stretch_f       [   0.35922] Font ./assets/font/Caviar_Dreams_Bold.ttf loaded with pixel size 0 x 12.
font     D                ttf.c:945  al_load_ttf_font_stretch_f       [   0.35930]     ascent=12.0, descent=-4.0, height=15.0
dtor     D               dtor.c:196  _al_register_destructor          [   0.35935] added dtor for ttf_font 0000000002d08e00, func 00007ffe2e8e4c05
stdio    D         file_stdio.c:110  file_stdio_fopen                 [   0.35940] opening ./assets/font/courbd.ttf rb
font     D                ttf.c:943  al_load_ttf_font_stretch_f       [   0.35998] Font ./assets/font/courbd.ttf loaded with pixel size 0 x 12.
font     D                ttf.c:945  al_load_ttf_font_stretch_f       [   0.36005]     ascent=10.0, descent=-4.0, height=14.0
dtor     D               dtor.c:196  _al_register_destructor          [   0.36011] added dtor for ttf_font 0000000002d08e90, func 00007ffe2e8e4c05
stdio    D         file_stdio.c:110  file_stdio_fopen                 [   0.36015] opening ./assets/font/Caviar_Dreams_Bold.ttf rb
font     D                ttf.c:943  al_load_ttf_font_stretch_f       [   0.36059] Font ./assets/font/Caviar_Dreams_Bold.ttf loaded with pixel size 0 x 24.
font     D                ttf.c:945  al_load_ttf_font_stretch_f       [   0.36066]     ascent=24.0, descent=-7.0, height=30.0
dtor     D               dtor.c:196  _al_register_destructor          [   0.36070] added dtor for ttf_font 0000000002d09610, func 00007ffe2e8e4c05
stdio    D         file_stdio.c:110  file_stdio_fopen                 [   0.36075] opening ./assets/font/courbd.ttf rb
font     D                ttf.c:943  al_load_ttf_font_stretch_f       [   0.36125] Font ./assets/font/courbd.ttf loaded with pixel size 0 x 24.
font     D                ttf.c:945  al_load_ttf_font_stretch_f       [   0.36131]     ascent=20.0, descent=-8.0, height=27.0
dtor     D               dtor.c:196  _al_register_destructor          [   0.36137] added dtor for ttf_font 0000000002d09a30, func 00007ffe2e8e4c05
stdio    D         file_stdio.c:110  file_stdio_fopen                 [   0.36158] opening ./assets/font/Caviar_Dreams_Bold.ttf rb
font     D                ttf.c:943  al_load_ttf_font_stretch_f       [   0.36226] Font ./assets/font/Caviar_Dreams_Bold.ttf loaded with pixel size 0 x 36.
font     D                ttf.c:945  al_load_ttf_font_stretch_f       [   0.36237]     ascent=36.0, descent=-11.0, height=46.0
dtor     D               dtor.c:196  _al_register_destructor          [   0.36243] added dtor for ttf_font 0000000002d096d0, func 00007ffe2e8e4c05
stdio    D         file_stdio.c:110  file_stdio_fopen                 [   0.36249] opening ./assets/font/courbd.ttf rb
font     D                ttf.c:943  al_load_ttf_font_stretch_f       [   0.36301] Font ./assets/font/courbd.ttf loaded with pixel size 0 x 36.
font     D                ttf.c:945  al_load_ttf_font_stretch_f       [   0.36309]     ascent=30.0, descent=-11.0, height=41.0
dtor     D               dtor.c:196  _al_register_destructor          [   0.36314] added dtor for ttf_font 0000000002d09b50, func 00007ffe2e8e4c05
stdio    D         file_stdio.c:110  file_stdio_fopen                 [   0.36319] opening ./assets/image/love.png rb
stdio    D         file_stdio.c:110  file_stdio_fopen                 [   0.36357] opening ./assets/image/love.png rb
d3d      D         d3d_disp.cpp:1202 real_choose_bitmap_format        [   0.36384] Fake format
d3d      D         d3d_disp.cpp:1202 real_choose_bitmap_format        [   0.36389] Fake format
d3d      D         d3d_disp.cpp:1202 real_choose_bitmap_format        [   0.36394] Fake format
d3d      D         d3d_disp.cpp:1202 real_choose_bitmap_format        [   0.36398] Fake format
d3d      D         d3d_disp.cpp:1202 real_choose_bitmap_format        [   0.36403] Fake format
d3d      D         d3d_disp.cpp:1202 real_choose_bitmap_format        [   0.36406] Fake format
d3d      D         d3d_disp.cpp:1202 real_choose_bitmap_format        [   0.36410] Fake format
d3d      D         d3d_disp.cpp:1202 real_choose_bitmap_format        [   0.36414] Fake format
d3d      D         d3d_disp.cpp:1202 real_choose_bitmap_format        [   0.36418] Fake format
d3d      D         d3d_disp.cpp:1210 real_choose_bitmap_format        [   0.36422] Alpha doesn't match
d3d      D         d3d_disp.cpp:1217 real_choose_bitmap_format        [   0.36426] Adapter format is 23
d3d      D         d3d_disp.cpp:1220 real_choose_bitmap_format        [   0.36430] Found a format
d3d      I         d3d_disp.cpp:2391 d3d_create_bitmap                [   0.36437] Chose bitmap format 9
dtor     D               dtor.c:196  _al_register_destructor          [   0.36462] added dtor for bitmap 0000000009aef8e0, func 00007ffe2e7c1bea
stdio    D         file_stdio.c:110  file_stdio_fopen                 [   0.36497] opening ./assets/image/ally/black_dude_icon.png rb
stdio    D         file_stdio.c:110  file_stdio_fopen                 [   0.36539] opening ./assets/image/ally/black_dude_icon.png rb
d3d      D         d3d_disp.cpp:1202 real_choose_bitmap_format        [   0.36567] Fake format
d3d      D         d3d_disp.cpp:1202 real_choose_bitmap_format        [   0.36573] Fake format
d3d      D         d3d_disp.cpp:1202 real_choose_bitmap_format        [   0.36577] Fake format
d3d      D         d3d_disp.cpp:1202 real_choose_bitmap_format        [   0.36581] Fake format
d3d      D         d3d_disp.cpp:1202 real_choose_bitmap_format        [   0.36585] Fake format
d3d      D         d3d_disp.cpp:1202 real_choose_bitmap_format        [   0.36589] Fake format
d3d      D         d3d_disp.cpp:1202 real_choose_bitmap_format        [   0.36593] Fake format
d3d      D         d3d_disp.cpp:1202 real_choose_bitmap_format        [   0.36598] Fake format
d3d      D         d3d_disp.cpp:1202 real_choose_bitmap_format        [   0.36603] Fake format
d3d      D         d3d_disp.cpp:1210 real_choose_bitmap_format        [   0.36607] Alpha doesn't match
d3d      D         d3d_disp.cpp:1217 real_choose_bitmap_format        [   0.36612] Adapter format is 23
d3d      D         d3d_disp.cpp:1220 real_choose_bitmap_format        [   0.36616] Found a format
d3d      I         d3d_disp.cpp:2391 d3d_create_bitmap                [   0.36620] Chose bitmap format 9
dtor     D               dtor.c:196  _al_register_destructor          [   0.36648] added dtor for bitmap 0000000009aedf60, func 00007ffe2e7c1bea
stdio    D         file_stdio.c:110  file_stdio_fopen                 [   0.36703] opening ./assets/image/ally/VikingManPress.png rb
stdio    D         file_stdio.c:110  file_stdio_fopen                 [   0.36740] opening ./assets/image/ally/VikingManPress.png rb
d3d      D         d3d_disp.cpp:1202 real_choose_bitmap_format        [   0.36763] Fake format
d3d      D         d3d_disp.cpp:1202 real_choose_bitmap_format        [   0.36770] Fake format
d3d      D         d3d_disp.cpp:1202 real_choose_bitmap_format        [   0.36774] Fake format
d3d      D         d3d_disp.cpp:1202 real_choose_bitmap_format        [   0.36779] Fake format
d3d      D         d3d_disp.cpp:1202 real_choose_bitmap_format        [   0.36783] Fake format
d3d      D         d3d_disp.cpp:1202 real_choose_bitmap_format        [   0.36788] Fake format
d3d      D         d3d_disp.cpp:1202 real_choose_bitmap_format        [   0.36793] Fake format
d3d      D         d3d_disp.cpp:1202 real_choose_bitmap_format        [   0.36798] Fake format
d3d      D         d3d_disp.cpp:1202 real_choose_bitmap_format        [   0.36802] Fake format
d3d      D         d3d_disp.cpp:1210 real_choose_bitmap_format        [   0.36806] Alpha doesn't match
d3d      D         d3d_disp.cpp:1217 real_choose_bitmap_format        [   0.36811] Adapter format is 23
d3d      D         d3d_disp.cpp:1220 real_choose_bitmap_format        [   0.36816] Found a format
d3d      I         d3d_disp.cpp:2391 d3d_create_bitmap                [   0.36822] Chose bitmap format 9
dtor     D               dtor.c:196  _al_register_destructor          [   0.36848] added dtor for bitmap 0000000009aef120, func 00007ffe2e7c1bea
stdio    D         file_stdio.c:110  file_stdio_fopen                 [   0.37048] opening ./assets/image/PlayHero_3.png rb
stdio    D         file_stdio.c:110  file_stdio_fopen                 [   0.37093] opening ./assets/image/PlayHero_3.png rb
d3d      D         d3d_disp.cpp:1202 real_choose_bitmap_format        [   0.37121] Fake format
d3d      D         d3d_disp.cpp:1202 real_choose_bitmap_format        [   0.37127] Fake format
d3d      D         d3d_disp.cpp:1202 real_choose_bitmap_format        [   0.37131] Fake format
d3d      D         d3d_disp.cpp:1202 real_choose_bitmap_format        [   0.37135] Fake format
d3d      D         d3d_disp.cpp:1202 real_choose_bitmap_format        [   0.37140] Fake format
d3d      D         d3d_disp.cpp:1202 real_choose_bitmap_format        [   0.37143] Fake format
d3d      D         d3d_disp.cpp:1202 real_choose_bitmap_format        [   0.37147] Fake format
d3d      D         d3d_disp.cpp:1202 real_choose_bitmap_format        [   0.37151] Fake format
d3d      D         d3d_disp.cpp:1202 real_choose_bitmap_format        [   0.37155] Fake format
d3d      D         d3d_disp.cpp:1210 real_choose_bitmap_format        [   0.37159] Alpha doesn't match
d3d      D         d3d_disp.cpp:1217 real_choose_bitmap_format        [   0.37163] Adapter format is 23
d3d      D         d3d_disp.cpp:1220 real_choose_bitmap_format        [   0.37167] Found a format
d3d      I         d3d_disp.cpp:2391 d3d_create_bitmap                [   0.37171] Chose bitmap format 9
dtor     D               dtor.c:196  _al_register_destructor          [   0.37204] added dtor for bitmap 0000000009af8800, func 00007ffe2e7c1bea
stdio    D         file_stdio.c:110  file_stdio_fopen                 [   0.37497] opening ./assets/image/level bg.jpg rb
stdio    D         file_stdio.c:110  file_stdio_fopen                 [   0.37586] opening ./assets/image/level bg.jpg rb
d3d      D         d3d_disp.cpp:1202 real_choose_bitmap_format        [   0.37629] Fake format
d3d      D         d3d_disp.cpp:1202 real_choose_bitmap_format        [   0.37640] Fake format
d3d      D         d3d_disp.cpp:1202 real_choose_bitmap_format        [   0.37646] Fake format
d3d      D         d3d_disp.cpp:1202 real_choose_bitmap_format        [   0.37653] Fake format
d3d      D         d3d_disp.cpp:1202 real_choose_bitmap_format        [   0.37660] Fake format
d3d      D         d3d_disp.cpp:1202 real_choose_bitmap_format        [   0.37665] Fake format
d3d      D         d3d_disp.cpp:1202 real_choose_bitmap_format        [   0.37670] Fake format
d3d      D         d3d_disp.cpp:1202 real_choose_bitmap_format        [   0.37675] Fake format
d3d      D         d3d_disp.cpp:1202 real_choose_bitmap_format        [   0.37681] Fake format
d3d      D         d3d_disp.cpp:1210 real_choose_bitmap_format        [   0.37686] Alpha doesn't match
d3d      D         d3d_disp.cpp:1217 real_choose_bitmap_format        [   0.37691] Adapter format is 23
d3d      D         d3d_disp.cpp:1220 real_choose_bitmap_format        [   0.37697] Found a format
d3d      I         d3d_disp.cpp:2391 d3d_create_bitmap                [   0.37703] Chose bitmap format 9
dtor     D               dtor.c:196  _al_register_destructor          [   0.37746] added dtor for bitmap 0000000009af1730, func 00007ffe2e7c1bea
stdio    D         file_stdio.c:110  file_stdio_fopen                 [   0.39342] opening ./assets/image/start bg.png rb
stdio    D         file_stdio.c:110  file_stdio_fopen                 [   0.39517] opening ./assets/image/start bg.png rb
d3d      D         d3d_disp.cpp:1202 real_choose_bitmap_format        [   0.39552] Fake format
d3d      D         d3d_disp.cpp:1202 real_choose_bitmap_format        [   0.39561] Fake format
d3d      D         d3d_disp.cpp:1202 real_choose_bitmap_format        [   0.39566] Fake format
d3d      D         d3d_disp.cpp:1202 real_choose_bitmap_format        [   0.39571] Fake format
d3d      D         d3d_disp.cpp:1202 real_choose_bitmap_format        [   0.39577] Fake format
d3d      D         d3d_disp.cpp:1202 real_choose_bitmap_format        [   0.39584] Fake format
d3d      D         d3d_disp.cpp:1202 real_choose_bitmap_format        [   0.39592] Fake format
d3d      D         d3d_disp.cpp:1202 real_choose_bitmap_format        [   0.39600] Fake format
d3d      D         d3d_disp.cpp:1202 real_choose_bitmap_format        [   0.39607] Fake format
d3d      D         d3d_disp.cpp:1210 real_choose_bitmap_format        [   0.39612] Alpha doesn't match
d3d      D         d3d_disp.cpp:1217 real_choose_bitmap_format        [   0.39628] Adapter format is 23
d3d      D         d3d_disp.cpp:1220 real_choose_bitmap_format        [   0.39639] Found a format
d3d      I         d3d_disp.cpp:2391 d3d_create_bitmap                [   0.39654] Chose bitmap format 9
dtor     D               dtor.c:196  _al_register_destructor          [   0.39700] added dtor for bitmap 0000000009aed7c0, func 00007ffe2e7c1bea
stdio    D         file_stdio.c:110  file_stdio_fopen                 [   0.44008] opening ./assets/image/winnable.png rb
stdio    D         file_stdio.c:110  file_stdio_fopen                 [   0.44114] opening ./assets/image/winnable.png rb
d3d      D         d3d_disp.cpp:1202 real_choose_bitmap_format        [   0.44136] Fake format
d3d      D         d3d_disp.cpp:1202 real_choose_bitmap_format        [   0.44141] Fake format
d3d      D         d3d_disp.cpp:1202 real_choose_bitmap_format        [   0.44144] Fake format
d3d      D         d3d_disp.cpp:1202 real_choose_bitmap_format        [   0.44147] Fake format
d3d      D         d3d_disp.cpp:1202 real_choose_bitmap_format        [   0.44151] Fake format
d3d      D         d3d_disp.cpp:1202 real_choose_bitmap_format        [   0.44154] Fake format
d3d      D         d3d_disp.cpp:1202 real_choose_bitmap_format        [   0.44157] Fake format
d3d      D         d3d_disp.cpp:1202 real_choose_bitmap_format        [   0.44160] Fake format
d3d      D         d3d_disp.cpp:1202 real_choose_bitmap_format        [   0.44163] Fake format
d3d      D         d3d_disp.cpp:1210 real_choose_bitmap_format        [   0.44167] Alpha doesn't match
d3d      D         d3d_disp.cpp:1217 real_choose_bitmap_format        [   0.44171] Adapter format is 23
d3d      D         d3d_disp.cpp:1220 real_choose_bitmap_format        [   0.44174] Found a format
d3d      I         d3d_disp.cpp:2391 d3d_create_bitmap                [   0.44177] Chose bitmap format 9
dtor     D               dtor.c:196  _al_register_destructor          [   0.44200] added dtor for bitmap 0000000009aef2d0, func 00007ffe2e7c1bea
stdio    D         file_stdio.c:110  file_stdio_fopen                 [   0.44280] opening ./assets/image/wutiaowu.png rb
stdio    D         file_stdio.c:110  file_stdio_fopen                 [   0.44340] opening ./assets/image/wutiaowu.png rb
d3d      D         d3d_disp.cpp:1202 real_choose_bitmap_format        [   0.44367] Fake format
d3d      D         d3d_disp.cpp:1202 real_choose_bitmap_format        [   0.44373] Fake format
d3d      D         d3d_disp.cpp:1202 real_choose_bitmap_format        [   0.44377] Fake format
d3d      D         d3d_disp.cpp:1202 real_choose_bitmap_format        [   0.44381] Fake format
d3d      D         d3d_disp.cpp:1202 real_choose_bitmap_format        [   0.44384] Fake format
d3d      D         d3d_disp.cpp:1202 real_choose_bitmap_format        [   0.44387] Fake format
d3d      D         d3d_disp.cpp:1202 real_choose_bitmap_format        [   0.44390] Fake format
d3d      D         d3d_disp.cpp:1202 real_choose_bitmap_format        [   0.44393] Fake format
d3d      D         d3d_disp.cpp:1202 real_choose_bitmap_format        [   0.44396] Fake format
d3d      D         d3d_disp.cpp:1210 real_choose_bitmap_format        [   0.44400] Alpha doesn't match
d3d      D         d3d_disp.cpp:1217 real_choose_bitmap_format        [   0.44403] Adapter format is 23
d3d      D         d3d_disp.cpp:1220 real_choose_bitmap_format        [   0.44406] Found a format
d3d      I         d3d_disp.cpp:2391 d3d_create_bitmap                [   0.44410] Chose bitmap format 9
dtor     D               dtor.c:196  _al_register_destructor          [   0.44432] added dtor for bitmap 0000000009aef700, func 00007ffe2e7c1bea
stdio    D         file_stdio.c:110  file_stdio_fopen                 [   0.48002] opening ./assets/sound/fart.mp3 rb
dtor     D               dtor.c:196  _al_register_destructor          [   0.49310] added dtor for sample 0000000002d084a0, func 00007ffe2e8f1a1d
dtor     D               dtor.c:196  _al_register_destructor          [   0.49329] added dtor for sample_instance 0000000002d1f2f0, func 00007ffe2e8e929b
audio    D          kcm_mixer.c:121  _al_rechannel_matrix             [   0.49339] sample matrix:
audio    D          kcm_mixer.c:127  _al_rechannel_matrix             [   0.49345]  0.707107 0.000000
audio    D          kcm_mixer.c:127  _al_rechannel_matrix             [   0.49351]  0.000000 0.707107
audio    D          kcm_mixer.c:121  _al_rechannel_matrix             [   0.49358] sample matrix:
audio    D          kcm_mixer.c:127  _al_rechannel_matrix             [   0.49365]  0.035355 0.000000
audio    D          kcm_mixer.c:127  _al_rechannel_matrix             [   0.49370]  0.000000 0.035355
d3d      D         d3d_disp.cpp:1202 real_choose_bitmap_format        [   0.49552] Fake format
d3d      D         d3d_disp.cpp:1202 real_choose_bitmap_format        [   0.49564] Fake format
d3d      D         d3d_disp.cpp:1202 real_choose_bitmap_format        [   0.49570] Fake format
d3d      D         d3d_disp.cpp:1202 real_choose_bitmap_format        [   0.49575] Fake format
d3d      D         d3d_disp.cpp:1202 real_choose_bitmap_format        [   0.49581] Fake format
d3d      D         d3d_disp.cpp:1202 real_choose_bitmap_format        [   0.49588] Fake format
d3d      D         d3d_disp.cpp:1202 real_choose_bitmap_format        [   0.49593] Fake format
d3d      D         d3d_disp.cpp:1202 real_choose_bitmap_format        [   0.49598] Fake format
d3d      D         d3d_disp.cpp:1202 real_choose_bitmap_format        [   0.49602] Fake format
d3d      D         d3d_disp.cpp:1210 real_choose_bitmap_format        [   0.49608] Alpha doesn't match
d3d      D         d3d_disp.cpp:1217 real_choose_bitmap_format        [   0.49614] Adapter format is 23
d3d      D         d3d_disp.cpp:1220 real_choose_bitmap_format        [   0.49620] Found a format
d3d      I         d3d_disp.cpp:2391 d3d_create_bitmap                [   0.49627] Chose bitmap format 9
font     D                ttf.c:243  alloc_glyph_region               [   0.49667] Glyph 54: 21x31 (24x32)
font     D                ttf.c:287  alloc_glyph_region               [   0.49681] Locking glyph region: 0000000009af1460 0 0 24 32
font     D                ttf.c:167  unlock_current_page              [   0.50208] Unlocking page: 0000000009af1460
font     D                ttf.c:243  alloc_glyph_region               [   0.50253] Glyph 72: 22x23 (24x24)
font     D                ttf.c:287  alloc_glyph_region               [   0.50262] Locking glyph region: 0000000009af1460 24 0 24 24
font     D                ttf.c:167  unlock_current_page              [   0.50272] Unlocking page: 0000000009af1460
font     D                ttf.c:243  alloc_glyph_region               [   0.50286] Glyph 79: 6x31 (8x32)
font     D                ttf.c:287  alloc_glyph_region               [   0.50292] Locking glyph region: 0000000009af1460 48 0 8 32
font     D                ttf.c:167  unlock_current_page              [   0.50300] Unlocking page: 0000000009af1460
font     D                ttf.c:243  alloc_glyph_region               [   0.50317] Glyph 70: 22x23 (24x24)
font     D                ttf.c:287  alloc_glyph_region               [   0.50323] Locking glyph region: 0000000009af1460 56 0 24 24
font     D                ttf.c:167  unlock_current_page              [   0.50332] Unlocking page: 0000000009af1460
font     D                ttf.c:243  alloc_glyph_region               [   0.50345] Glyph 87: 12x27 (12x28)
font     D                ttf.c:287  alloc_glyph_region               [   0.50351] Locking glyph region: 0000000009af1460 80 0 12 28
font     D                ttf.c:167  unlock_current_page              [   0.50359] Unlocking page: 0000000009af1460
font     D                ttf.c:446  cache_glyph                      [   0.50368] Glyph 3 has zero size.
font     D                ttf.c:243  alloc_glyph_region               [   0.50379] Glyph 47: 16x31 (16x32)
font     D                ttf.c:287  alloc_glyph_region               [   0.50385] Locking glyph region: 0000000009af1460 92 0 16 32
font     D                ttf.c:167  unlock_current_page              [   0.50418] Unlocking page: 0000000009af1460
font     D                ttf.c:243  alloc_glyph_region               [   0.50438] Glyph 89: 22x21 (24x24)
font     D                ttf.c:287  alloc_glyph_region               [   0.50445] Locking glyph region: 0000000009af1460 108 0 24 24
font     D                ttf.c:167  unlock_current_page              [   0.50455] Unlocking page: 0000000009af1460
d3d      D         d3d_disp.cpp:1202 real_choose_bitmap_format        [   0.50627] Fake format
d3d      D         d3d_disp.cpp:1202 real_choose_bitmap_format        [   0.50641] Fake format
d3d      D         d3d_disp.cpp:1202 real_choose_bitmap_format        [   0.50648] Fake format
d3d      D         d3d_disp.cpp:1202 real_choose_bitmap_format        [   0.50655] Fake format
d3d      D         d3d_disp.cpp:1202 real_choose_bitmap_format        [   0.50661] Fake format
d3d      D         d3d_disp.cpp:1202 real_choose_bitmap_format        [   0.50666] Fake format
d3d      D         d3d_disp.cpp:1202 real_choose_bitmap_format        [   0.50671] Fake format
d3d      D         d3d_disp.cpp:1202 real_choose_bitmap_format        [   0.50676] Fake format
d3d      D         d3d_disp.cpp:1202 real_choose_bitmap_format        [   0.50682] Fake format
d3d      D         d3d_disp.cpp:1210 real_choose_bitmap_format        [   0.50687] Alpha doesn't match
d3d      D         d3d_disp.cpp:1217 real_choose_bitmap_format        [   0.50704] Adapter format is 23
d3d      D         d3d_disp.cpp:1220 real_choose_bitmap_format        [   0.50711] Found a format
d3d      I         d3d_disp.cpp:2391 d3d_create_bitmap                [   0.50716] Chose bitmap format 9
font     D                ttf.c:243  alloc_glyph_region               [   0.50750] Glyph 62: 7x25 (8x28)
font     D                ttf.c:287  alloc_glyph_region               [   0.50758] Locking glyph region: 0000000009b1c960 0 0 8 28
font     D                ttf.c:167  unlock_current_page              [   0.50814] Unlocking page: 0000000009b1c960
font     D                ttf.c:243  alloc_glyph_region               [   0.50831] Glyph 20: 7x21 (8x24)
font     D                ttf.c:287  alloc_glyph_region               [   0.50839] Locking glyph region: 0000000009b1c960 8 0 8 24
font     D                ttf.c:167  unlock_current_page              [   0.50849] Unlocking page: 0000000009b1c960
font     D                ttf.c:243  alloc_glyph_region               [   0.50861] Glyph 64: 8x25 (8x28)
font     D                ttf.c:287  alloc_glyph_region               [   0.50866] Locking glyph region: 0000000009b1c960 16 0 8 28
font     D                ttf.c:167  unlock_current_page              [   0.50874] Unlocking page: 0000000009b1c960
font     D                ttf.c:243  alloc_glyph_region               [   0.50886] Glyph 87: 9x19 (12x20)
font     D                ttf.c:287  alloc_glyph_region               [   0.50891] Locking glyph region: 0000000009b1c960 24 0 12 20
font     D                ttf.c:167  unlock_current_page              [   0.50899] Unlocking page: 0000000009b1c960
font     D                ttf.c:243  alloc_glyph_region               [   0.50912] Glyph 88: 12x14 (12x16)
font     D                ttf.c:287  alloc_glyph_region               [   0.50918] Locking glyph region: 0000000009b1c960 36 0 12 16
font     D                ttf.c:167  unlock_current_page              [   0.50925] Unlocking page: 0000000009b1c960
font     D                ttf.c:243  alloc_glyph_region               [   0.50940] Glyph 82: 16x16 (16x16)
font     D                ttf.c:287  alloc_glyph_region               [   0.50946] Locking glyph region: 0000000009b1c960 48 0 16 16
font     D                ttf.c:167  unlock_current_page              [   0.50953] Unlocking page: 0000000009b1c960
font     D                ttf.c:243  alloc_glyph_region               [   0.50965] Glyph 85: 8x15 (8x16)
font     D                ttf.c:287  alloc_glyph_region               [   0.50971] Locking glyph region: 0000000009b1c960 64 0 8 16
font     D                ttf.c:167  unlock_current_page              [   0.50978] Unlocking page: 0000000009b1c960
font     D                ttf.c:243  alloc_glyph_region               [   0.50989] Glyph 76: 5x19 (8x20)
font     D                ttf.c:287  alloc_glyph_region               [   0.50993] Locking glyph region: 0000000009b1c960 72 0 8 20
font     D                ttf.c:167  unlock_current_page              [   0.50997] Unlocking page: 0000000009b1c960
font     D                ttf.c:243  alloc_glyph_region               [   0.51008] Glyph 68: 15x16 (16x16)
font     D                ttf.c:287  alloc_glyph_region               [   0.51012] Locking glyph region: 0000000009b1c960 80 0 16 16
font     D                ttf.c:167  unlock_current_page              [   0.51018] Unlocking page: 0000000009b1c960
font     D                ttf.c:243  alloc_glyph_region               [   0.51025] Glyph 79: 5x21 (8x24)
font     D                ttf.c:287  alloc_glyph_region               [   0.51029] Locking glyph region: 0000000009b1c960 96 0 8 24
font     D                ttf.c:167  unlock_current_page              [   0.51033] Unlocking page: 0000000009b1c960
font     D                ttf.c:243  alloc_glyph_region               [   0.51053] Glyph 21: 15x21 (16x24)
font     D                ttf.c:287  alloc_glyph_region               [   0.51058] Locking glyph region: 0000000009b1c960 104 0 16 24
font     D                ttf.c:167  unlock_current_page              [   0.51074] Unlocking page: 0000000009b1c960
font     D                ttf.c:243  alloc_glyph_region               [   0.51087] Glyph 72: 15x16 (16x16)
font     D                ttf.c:287  alloc_glyph_region               [   0.51092] Locking glyph region: 0000000009b1c960 120 0 16 16
font     D                ttf.c:167  unlock_current_page              [   0.51099] Unlocking page: 0000000009b1c960
font     D                ttf.c:243  alloc_glyph_region               [   0.51115] Glyph 86: 10x15 (12x16)
font     D                ttf.c:287  alloc_glyph_region               [   0.51120] Locking glyph region: 0000000009b1c960 136 0 12 16
font     D                ttf.c:167  unlock_current_page              [   0.51128] Unlocking page: 0000000009b1c960
font     D                ttf.c:243  alloc_glyph_region               [   0.51161] Glyph 92: 15x18 (16x20)
font     D                ttf.c:287  alloc_glyph_region               [   0.51171] Locking glyph region: 0000000009b1c960 148 0 16 20
font     D                ttf.c:167  unlock_current_page              [   0.51181] Unlocking page: 0000000009b1c960
font     D                ttf.c:243  alloc_glyph_region               [   0.51242] Glyph 22: 14x21 (16x24)
font     D                ttf.c:287  alloc_glyph_region               [   0.51251] Locking glyph region: 0000000009b1c960 164 0 16 24
font     D                ttf.c:167  unlock_current_page              [   0.51279] Unlocking page: 0000000009b1c960
font     D                ttf.c:243  alloc_glyph_region               [   0.51297] Glyph 75: 12x21 (12x24)
font     D                ttf.c:287  alloc_glyph_region               [   0.51304] Locking glyph region: 0000000009b1c960 180 0 12 24
font     D                ttf.c:167  unlock_current_page              [   0.51313] Unlocking page: 0000000009b1c960
font     D                ttf.c:243  alloc_glyph_region               [   0.51330] Glyph 71: 15x21 (16x24)
font     D                ttf.c:287  alloc_glyph_region               [   0.51337] Locking glyph region: 0000000009b1c960 192 0 16 24
font     D                ttf.c:167  unlock_current_page              [   0.51345] Unlocking page: 0000000009b1c960
d3d      D          d3d_bmp.cpp:539  _al_d3d_sync_bitmap              [   0.51600] _al_d3d_sync_bitmap (system) ref count == 1
d3d      D          d3d_bmp.cpp:545  _al_d3d_sync_bitmap              [   0.51613] _al_d3d_sync_bitmap (video) ref count == 1
d3d      D          d3d_bmp.cpp:539  _al_d3d_sync_bitmap              [   0.52082] _al_d3d_sync_bitmap (system) ref count == 1
d3d      D          d3d_bmp.cpp:545  _al_d3d_sync_bitmap              [   0.52095] _al_d3d_sync_bitmap (video) ref count == 1
d3d      D          d3d_bmp.cpp:539  _al_d3d_sync_bitmap              [   0.52177] _al_d3d_sync_bitmap (system) ref count == 1
d3d      D          d3d_bmp.cpp:545  _al_d3d_sync_bitmap              [   0.52187] _al_d3d_sync_bitmap (video) ref count == 1
d3d      D          d3d_bmp.cpp:539  _al_d3d_sync_bitmap              [   0.52270] _al_d3d_sync_bitmap (system) ref count == 1
d3d      D          d3d_bmp.cpp:545  _al_d3d_sync_bitmap              [   0.52284] _al_d3d_sync_bitmap (video) ref count == 1
d3d      D          d3d_bmp.cpp:539  _al_d3d_sync_bitmap              [   0.52362] _al_d3d_sync_bitmap (system) ref count == 1
d3d      D          d3d_bmp.cpp:545  _al_d3d_sync_bitmap              [   0.52374] _al_d3d_sync_bitmap (video) ref count == 1
d3d      D          d3d_bmp.cpp:539  _al_d3d_sync_bitmap              [   0.52481] _al_d3d_sync_bitmap (system) ref count == 1
d3d      D          d3d_bmp.cpp:545  _al_d3d_sync_bitmap              [   0.52491] _al_d3d_sync_bitmap (video) ref count == 1
d3d      D          d3d_bmp.cpp:539  _al_d3d_sync_bitmap              [   0.53272] _al_d3d_sync_bitmap (system) ref count == 1
d3d      D          d3d_bmp.cpp:545  _al_d3d_sync_bitmap              [   0.53294] _al_d3d_sync_bitmap (video) ref count == 1
d3d      D          d3d_bmp.cpp:539  _al_d3d_sync_bitmap              [   0.53683] _al_d3d_sync_bitmap (system) ref count == 1
d3d      D          d3d_bmp.cpp:545  _al_d3d_sync_bitmap              [   0.53694] _al_d3d_sync_bitmap (video) ref count == 1
d3d      D          d3d_bmp.cpp:539  _al_d3d_sync_bitmap              [   0.53774] _al_d3d_sync_bitmap (system) ref count == 1
d3d      D          d3d_bmp.cpp:545  _al_d3d_sync_bitmap              [   0.53788] _al_d3d_sync_bitmap (video) ref count == 1
d3d      D          d3d_bmp.cpp:539  _al_d3d_sync_bitmap              [   0.53871] _al_d3d_sync_bitmap (system) ref count == 1
d3d      D          d3d_bmp.cpp:545  _al_d3d_sync_bitmap              [   0.53884] _al_d3d_sync_bitmap (video) ref count == 1
d3d      D          d3d_bmp.cpp:539  _al_d3d_sync_bitmap              [   0.54164] _al_d3d_sync_bitmap (system) ref count == 1
d3d      D          d3d_bmp.cpp:545  _al_d3d_sync_bitmap              [   0.54177] _al_d3d_sync_bitmap (video) ref count == 1
d3d      I         d3d_disp.cpp:915  d3d_destroy_display              [  35.80020] destroying display 00000000001cac20 (current 0000000000000000)
bitmap   D        bitmap_type.c:308  _al_convert_to_memory_bitmap     [  35.80389] converting display bitmap 0000000009b1c960 to memory bitmap
dtor     D               dtor.c:196  _al_register_destructor          [  35.80404] added dtor for bitmap 0000000009b1cb10, func 00007ffe2e7c1bea
d3d      D          d3d_bmp.cpp:539  _al_d3d_sync_bitmap              [  35.80411] _al_d3d_sync_bitmap (system) ref count == 1
d3d      D          d3d_bmp.cpp:545  _al_d3d_sync_bitmap              [  35.80415] _al_d3d_sync_bitmap (video) ref count == 1
dtor     D               dtor.c:227  _al_unregister_destructor        [  35.80606] removed dtor for bitmap 0000000009b1cb10
bitmap   D        bitmap_type.c:308  _al_convert_to_memory_bitmap     [  35.80644] converting display bitmap 0000000009af1460 to memory bitmap
dtor     D               dtor.c:196  _al_register_destructor          [  35.80651] added dtor for bitmap 0000000009b1d020, func 00007ffe2e7c1bea
d3d      D          d3d_bmp.cpp:539  _al_d3d_sync_bitmap              [  35.80656] _al_d3d_sync_bitmap (system) ref count == 1
d3d      D          d3d_bmp.cpp:545  _al_d3d_sync_bitmap              [  35.80660] _al_d3d_sync_bitmap (video) ref count == 1
dtor     D               dtor.c:227  _al_unregister_destructor        [  35.80855] removed dtor for bitmap 0000000009b1d020
bitmap   D        bitmap_type.c:308  _al_convert_to_memory_bitmap     [  35.80921] converting display bitmap 0000000009aef700 to memory bitmap
dtor     D               dtor.c:196  _al_register_destructor          [  35.80936] added dtor for bitmap 0000000009b1c450, func 00007ffe2e7c1bea
d3d      D          d3d_bmp.cpp:539  _al_d3d_sync_bitmap              [  35.80948] _al_d3d_sync_bitmap (system) ref count == 1
d3d      D          d3d_bmp.cpp:545  _al_d3d_sync_bitmap              [  35.80959] _al_d3d_sync_bitmap (video) ref count == 1
dtor     D               dtor.c:227  _al_unregister_destructor        [  35.81023] removed dtor for bitmap 0000000009b1c450
bitmap   D        bitmap_type.c:308  _al_convert_to_memory_bitmap     [  35.81035] converting display bitmap 0000000009aef2d0 to memory bitmap
dtor     D               dtor.c:196  _al_register_destructor          [  35.81040] added dtor for bitmap 0000000009b1c2a0, func 00007ffe2e7c1bea
d3d      D          d3d_bmp.cpp:539  _al_d3d_sync_bitmap              [  35.81046] _al_d3d_sync_bitmap (system) ref count == 1
d3d      D          d3d_bmp.cpp:545  _al_d3d_sync_bitmap              [  35.81049] _al_d3d_sync_bitmap (video) ref count == 1
dtor     D               dtor.c:227  _al_unregister_destructor        [  35.81099] removed dtor for bitmap 0000000009b1c2a0
bitmap   D        bitmap_type.c:308  _al_convert_to_memory_bitmap     [  35.81109] converting display bitmap 0000000009aed7c0 to memory bitmap
dtor     D               dtor.c:196  _al_register_destructor          [  35.81116] added dtor for bitmap 0000000009b1ccc0, func 00007ffe2e7c1bea
d3d      D          d3d_bmp.cpp:539  _al_d3d_sync_bitmap              [  35.81121] _al_d3d_sync_bitmap (system) ref count == 1
d3d      D          d3d_bmp.cpp:545  _al_d3d_sync_bitmap              [  35.81124] _al_d3d_sync_bitmap (video) ref count == 1
dtor     D               dtor.c:227  _al_unregister_destructor        [  35.81339] removed dtor for bitmap 0000000009b1ccc0
bitmap   D        bitmap_type.c:308  _al_convert_to_memory_bitmap     [  35.81382] converting display bitmap 0000000009af1730 to memory bitmap
dtor     D               dtor.c:196  _al_register_destructor          [  35.81390] added dtor for bitmap 0000000009b1d020, func 00007ffe2e7c1bea
d3d      D          d3d_bmp.cpp:539  _al_d3d_sync_bitmap              [  35.81395] _al_d3d_sync_bitmap (system) ref count == 1
d3d      D          d3d_bmp.cpp:545  _al_d3d_sync_bitmap              [  35.81405] _al_d3d_sync_bitmap (video) ref count == 1
dtor     D               dtor.c:227  _al_unregister_destructor        [  35.81923] removed dtor for bitmap 0000000009b1d020
bitmap   D        bitmap_type.c:308  _al_convert_to_memory_bitmap     [  35.82007] converting display bitmap 0000000009af8800 to memory bitmap
dtor     D               dtor.c:196  _al_register_destructor          [  35.82014] added dtor for bitmap 0000000009b1cb10, func 00007ffe2e7c1bea
d3d      D          d3d_bmp.cpp:539  _al_d3d_sync_bitmap              [  35.82019] _al_d3d_sync_bitmap (system) ref count == 1
d3d      D          d3d_bmp.cpp:545  _al_d3d_sync_bitmap              [  35.82023] _al_d3d_sync_bitmap (video) ref count == 1
dtor     D               dtor.c:227  _al_unregister_destructor        [  35.82094] removed dtor for bitmap 0000000009b1cb10
bitmap   D        bitmap_type.c:308  _al_convert_to_memory_bitmap     [  35.82108] converting display bitmap 0000000009aef120 to memory bitmap
dtor     D               dtor.c:196  _al_register_destructor          [  35.82115] added dtor for bitmap 0000000009b1ce70, func 00007ffe2e7c1bea
d3d      D          d3d_bmp.cpp:539  _al_d3d_sync_bitmap              [  35.82120] _al_d3d_sync_bitmap (system) ref count == 1
d3d      D          d3d_bmp.cpp:545  _al_d3d_sync_bitmap              [  35.82125] _al_d3d_sync_bitmap (video) ref count == 1
dtor     D               dtor.c:227  _al_unregister_destructor        [  35.82180] removed dtor for bitmap 0000000009b1ce70
bitmap   D        bitmap_type.c:308  _al_convert_to_memory_bitmap     [  35.82189] converting display bitmap 0000000009aedf60 to memory bitmap
dtor     D               dtor.c:196  _al_register_destructor          [  35.82195] added dtor for bitmap 0000000009b1d020, func 00007ffe2e7c1bea
d3d      D          d3d_bmp.cpp:539  _al_d3d_sync_bitmap              [  35.82200] _al_d3d_sync_bitmap (system) ref count == 1
d3d      D          d3d_bmp.cpp:545  _al_d3d_sync_bitmap              [  35.82204] _al_d3d_sync_bitmap (video) ref count == 1
dtor     D               dtor.c:227  _al_unregister_destructor        [  35.82254] removed dtor for bitmap 0000000009b1d020
bitmap   D        bitmap_type.c:308  _al_convert_to_memory_bitmap     [  35.82264] converting display bitmap 0000000009aef8e0 to memory bitmap
dtor     D               dtor.c:196  _al_register_destructor          [  35.82269] added dtor for bitmap 0000000009b1c7b0, func 00007ffe2e7c1bea
d3d      D          d3d_bmp.cpp:539  _al_d3d_sync_bitmap              [  35.82273] _al_d3d_sync_bitmap (system) ref count == 1
d3d      D          d3d_bmp.cpp:545  _al_d3d_sync_bitmap              [  35.82277] _al_d3d_sync_bitmap (video) ref count == 1
dtor     D               dtor.c:227  _al_unregister_destructor        [  35.82327] removed dtor for bitmap 0000000009b1c7b0
bitmap   D        bitmap_type.c:308  _al_convert_to_memory_bitmap     [  35.82337] converting display bitmap 0000000002d12590 to memory bitmap
dtor     D               dtor.c:196  _al_register_destructor          [  35.82344] added dtor for bitmap 0000000009b1c600, func 00007ffe2e7c1bea
d3d      D          d3d_bmp.cpp:539  _al_d3d_sync_bitmap              [  35.82349] _al_d3d_sync_bitmap (system) ref count == 1
d3d      D          d3d_bmp.cpp:545  _al_d3d_sync_bitmap              [  35.82353] _al_d3d_sync_bitmap (video) ref count == 1
dtor     D               dtor.c:227  _al_unregister_destructor        [  35.82602] removed dtor for bitmap 0000000009b1c600
d3d      D         d3d_disp.cpp:899  d3d_destroy_display_internals    [  35.82653] waiting for display 00000000001cac20's thread to end
d3d      W         d3d_disp.cpp:608  d3d_destroy_device               [  35.86435] d3d_destroy_device: ref count not 0
d3d      W         d3d_disp.cpp:608  d3d_destroy_device               [  35.86448] d3d_destroy_device: ref count not 0
d3d      I         d3d_disp.cpp:1562 d3d_display_thread_proc          [  35.87901] d3d display thread exits
dtor     D               dtor.c:227  _al_unregister_destructor        [  35.88095] removed dtor for timer 00000000001c9cf0
dtor     D               dtor.c:227  _al_unregister_destructor        [  35.88113] removed dtor for queue 00000000001ca5b0
dtor     D               dtor.c:227  _al_unregister_destructor        [  35.88121] removed dtor for ttf_font 0000000002d08e00
dtor     D               dtor.c:227  _al_unregister_destructor        [  35.88146] removed dtor for ttf_font 0000000002d09610
dtor     D               dtor.c:227  _al_unregister_destructor        [  35.88183] removed dtor for ttf_font 0000000002d096d0
dtor     D               dtor.c:227  _al_unregister_destructor        [  35.88218] removed dtor for ttf_font 0000000002d08e90
dtor     D               dtor.c:227  _al_unregister_destructor        [  35.88234] removed dtor for ttf_font 0000000002d09a30
dtor     D               dtor.c:227  _al_unregister_destructor        [  35.88250] removed dtor for ttf_font 0000000002d09b50
dtor     D               dtor.c:227  _al_unregister_destructor        [  35.88263] removed dtor for bitmap 0000000009af8800
dtor     D               dtor.c:227  _al_unregister_destructor        [  35.88278] removed dtor for bitmap 0000000009aef120
dtor     D               dtor.c:227  _al_unregister_destructor        [  35.88283] removed dtor for bitmap 0000000009aedf60
dtor     D               dtor.c:227  _al_unregister_destructor        [  35.88288] removed dtor for bitmap 0000000002d12590
dtor     D               dtor.c:227  _al_unregister_destructor        [  35.88309] removed dtor for bitmap 0000000009af1730
dtor     D               dtor.c:227  _al_unregister_destructor        [  35.88356] removed dtor for bitmap 0000000009aef8e0
dtor     D               dtor.c:227  _al_unregister_destructor        [  35.88365] removed dtor for bitmap 0000000009aed7c0
dtor     D               dtor.c:227  _al_unregister_destructor        [  35.88384] removed dtor for bitmap 0000000009aef2d0
dtor     D               dtor.c:227  _al_unregister_destructor        [  35.88393] removed dtor for bitmap 0000000009aef700
dtor     D               dtor.c:227  _al_unregister_destructor        [  35.88401] removed dtor for sample 0000000002d084a0
dtor     D               dtor.c:227  _al_unregister_destructor        [  35.88408] removed dtor for sample_instance 0000000002d1f2f0
dtor     D               dtor.c:227  _al_unregister_destructor        [  35.88415] removed dtor for sample_instance 0000000002d0e960
dtor     D               dtor.c:227  _al_unregister_destructor        [  35.88421] removed dtor for sample_instance 0000000002d0eeb0
dtor     D               dtor.c:227  _al_unregister_destructor        [  35.88430] removed dtor for sample_instance 0000000002d0efd0
dtor     D               dtor.c:227  _al_unregister_destructor        [  35.88441] removed dtor for sample_instance 0000000002d0e670
dtor     D               dtor.c:227  _al_unregister_destructor        [  35.88448] removed dtor for sample_instance 0000000002d0e790
dtor     D               dtor.c:227  _al_unregister_destructor        [  35.88457] removed dtor for sample_instance 0000000002d11520
dtor     D               dtor.c:227  _al_unregister_destructor        [  35.88463] removed dtor for sample_instance 0000000002d11640
dtor     D               dtor.c:227  _al_unregister_destructor        [  35.88474] removed dtor for sample_instance 0000000002d11760
dtor     D               dtor.c:227  _al_unregister_destructor        [  35.88482] removed dtor for sample_instance 0000000002d11880
dtor     D               dtor.c:227  _al_unregister_destructor        [  35.88488] removed dtor for sample_instance 0000000002d119a0
dtor     D               dtor.c:227  _al_unregister_destructor        [  35.88495] removed dtor for sample_instance 0000000002d11ac0
dtor     D               dtor.c:227  _al_unregister_destructor        [  35.88501] removed dtor for sample_instance 0000000002d123f0
dtor     D               dtor.c:227  _al_unregister_destructor        [  35.88525] removed dtor for sample_instance 0000000002d1e760
dtor     D               dtor.c:227  _al_unregister_destructor        [  35.88531] removed dtor for sample_instance 0000000002d1ed50
dtor     D               dtor.c:227  _al_unregister_destructor        [  35.88540] removed dtor for sample_instance 0000000002d1ec30
dtor     D               dtor.c:227  _al_unregister_destructor        [  35.88548] removed dtor for sample_instance 0000000002d1f1d0
dtor     D               dtor.c:227  _al_unregister_destructor        [  35.88553] removed dtor for mixer 0000000002d0fb70
audio-dsound D           dsound.cpp:528  _dsound_stop_voice               [  35.88561] Stopping voice
audio-dsound D           dsound.cpp:545  _dsound_stop_voice               [  35.88569] Joining thread
audio-dsound D           dsound.cpp:551  _dsound_stop_voice               [  35.89054] Joined thread
audio-dsound D           dsound.cpp:553  _dsound_stop_voice               [  35.89070] Destroying thread
audio-dsound D           dsound.cpp:555  _dsound_stop_voice               [  35.89077] Thread destroyed
audio-dsound D           dsound.cpp:562  _dsound_stop_voice               [  35.89083] Releasing buffer
audio-dsound I           dsound.cpp:566  _dsound_stop_voice               [  35.89089] Voice stopped
dtor     D               dtor.c:227  _al_unregister_destructor        [  35.89099] removed dtor for voice 0000000002d0ad20
audio-dsound D           dsound.cpp:380  _dsound_deallocate_voice         [  35.89106] Deallocating voice
audio-dsound D           dsound.cpp:385  _dsound_deallocate_voice         [  35.89112] Deallocated voice
audio-dsound D           dsound.cpp:296  _dsound_close                    [  35.89118] Releasing device
audio-dsound D           dsound.cpp:298  _dsound_close                    [  35.89722] Released device
audio-dsound I           dsound.cpp:299  _dsound_close                    [  35.89736] DirectSound closed
